Arguments: 
  /usr/local/bin/node /usr/local/bin/yarn add @google-cloud/speech

PATH: 
  /Users/mabucchi/.rvm/gems/ruby-2.2.1/bin:/Users/mabucchi/.rvm/gems/ruby-2.2.1@global/bin:/Users/mabucchi/.rvm/rubies/ruby-2.2.1/bin:/usr/local/bin:/Users/mabucchi/.rvm/bin:/usr/texbin:/opt/local/bin:/usr/bin:/bin:/usr/sbin:/sbin:/usr/local/bin

Yarn version: 
  0.21.3

Node version: 
  7.6.0

Platform: 
  darwin x64

npm manifest: 
  {
    "name": "express-es6-rest-api",
    "version": "0.3.0",
    "description": "Starter project for an ES6 RESTful Express API",
    "main": "dist",
    "scripts": {
      "dev": "nodemon -w src --exec \"babel-node src --presets es2015,stage-0\"",
      "build": "babel src -s -D -d dist --presets es2015,stage-0",
      "start": "node dist",
      "prestart": "npm run -s build",
      "test": "eslint src"
    },
    "eslintConfig": {
      "extends": "eslint:recommended",
      "parserOptions": {
        "ecmaVersion": 7,
        "sourceType": "module"
      },
      "env": {
        "node": true
      },
      "rules": {
        "no-console": 0,
        "no-unused-vars": 1
      }
    },
    "repository": "developit/express-es6-rest-api",
    "author": "Jason Miller <jason@developit.ca>",
    "license": "MIT",
    "dependencies": {
      "axios": "^0.16.1",
      "body-parser": "^1.13.3",
      "compression": "^1.5.2",
      "cors": "^2.7.1",
      "express": "^4.13.3",
      "express-fileupload": "^0.1.2",
      "fluent-ffmpeg": "^2.1.0",
      "morgan": "^1.8.0",
      "resource-router-middleware": "^0.6.0",
      "streamifier": "^0.1.1",
      "uuid": "^3.0.1"
    },
    "devDependencies": {
      "babel-cli": "^6.9.0",
      "babel-core": "^6.9.0",
      "babel-preset-es2015": "^6.9.0",
      "babel-preset-stage-0": "^6.5.0",
      "eslint": "^3.1.1",
      "nodemon": "^1.9.2"
    }
  }

yarn manifest: 
  No manifest

Lockfile: 
  No lockfile

Trace: 
  Error: getaddrinfo ENOTFOUND registry.yarnpkg.com registry.yarnpkg.com:443
      at errnoException (dns.js:28:10)
      at GetAddrInfoReqWrap.onlookup [as oncomplete] (dns.js:76:26)
